C51 COMPILER V9.60.7.0   ADVANCE                                                           11/19/2024 16:54:50 PAGE 1   


C51 COMPILER V9.60.7.0, COMPILATION OF MODULE ADVANCE
OBJECT MODULE PLACED IN .\Objects\Advance.obj
COMPILER INVOKED BY: C:\Keil_v5\C51\BIN\C51.EXE Advance.c OPTIMIZE(8,SPEED) BROWSE DEBUG OBJECTEXTEND PRINT(.\Listings\A
                    -dvance.lst) TABS(2) OBJECT(.\Objects\Advance.obj)

line level    source

   1          #include <regx51.h> //include header file for 8051
   2          #define TH0_init 60 //TH0_init= 256 - 250
   3          #define TL0_init 176 //TL0_init = 256 - 250
   4          #define Timer0_int_exe_time 10 //the parameter can be changed
   5          
   6          int counter;
   7          
   8          void main( ) 
   9          {
  10   1        IE = 0x82; //enable timer0 interrupt
  11   1        IP = 0x02; //timer0 interrupt has high priority
  12   1        TCON = 0x10; //enable timer0
  13   1        TMOD = 0x09; //set timer0 to mode 2(8-bits and auto-reload)
  14   1        TL0 = TL0_init; 
  15   1        TH0 = TH0_init; //set TH0 & TL0
  16   1        P2 = 0xFE;
  17   1        P3_2 = 0;
  18   1        while(1);
  19   1      }
  20          
  21          void timer0_interrupt(void) interrupt 1
  22          {
  23   1          counter++;
  24   1          if (counter >= Timer0_int_exe_time)
  25   1          {
  26   2            P2 = P2 << 1;
  27   2            P2 += 1; // Shift left and set LSB
  28   2            if (P2 == 0xFF) 
  29   2            {
  30   3              P2 -= 1;
  31   3            }
  32   2            counter = 0; // Reset counter
  33   2          }
  34   1      }


MODULE INFORMATION:   STATIC OVERLAYABLE
   CODE SIZE        =     74    ----
   CONSTANT SIZE    =   ----    ----
   XDATA SIZE       =   ----    ----
   PDATA SIZE       =   ----    ----
   DATA SIZE        =      2    ----
   IDATA SIZE       =   ----    ----
   BIT SIZE         =   ----    ----
END OF MODULE INFORMATION.


C51 COMPILATION COMPLETE.  0 WARNING(S),  0 ERROR(S)
