C51 COMPILER V9.60.7.0   BASIC                                                             11/23/2024 01:21:39 PAGE 1   


C51 COMPILER V9.60.7.0, COMPILATION OF MODULE BASIC
OBJECT MODULE PLACED IN .\Objects\Basic.obj
COMPILER INVOKED BY: C:\Keil_v5\C51\BIN\C51.EXE Basic.c OPTIMIZE(8,SPEED) BROWSE DEBUG OBJECTEXTEND PRINT(.\Listings\Bas
                    -ic.lst) TABS(2) OBJECT(.\Objects\Basic.obj)

line level    source

   1          #include <regx51.h>
   2          
   3          void init_uart();       // Function to initialize UART
   4          char receive_value;     // Variable to store received data
   5          
   6          void main()
   7          {
   8   1          init_uart();  // Initialize UART
   9   1          while (1);    // Infinite loop to keep the program running
  10   1      }
  11          
  12          void init_uart()
  13          {
  14   1          SCON = 0x50;  // Set UART in mode 1 (8-bit UART)
  15   1          TMOD = 0x20;  // Timer1 in mode 2 (8-bit auto-reload)
  16   1          TH1 = 0xE6;   // Set baud rate to 1200
  17   1          TR1 = 1;      // Start Timer1
  18   1          IE = 0x90;    // Enable UART interrupt (EA and ES)
  19   1      }
  20          
  21          // UART Interrupt Service Routine
  22          void uart_isr(void) interrupt 4
  23          {
  24   1          while(RI == 0);
  25   1          RI = 0;  // Clear receive interrupt flag
  26   1          receive_value = SBUF;  // Read received data from the buffer
  27   1          P2 = receive_value;    // Display received data on Port 2
  28   1      
  29   1          if (receive_value == 'q')
  30   1          {
  31   2              SBUF = receive_value;  // Echo back received data
  32   2              while (TI == 0);       // Wait for transmission to complete
  33   2              TI = 0;                // Clear transmission interrupt flag
  34   2          }
  35   1      }


MODULE INFORMATION:   STATIC OVERLAYABLE
   CODE SIZE        =     52    ----
   CONSTANT SIZE    =   ----    ----
   XDATA SIZE       =   ----    ----
   PDATA SIZE       =   ----    ----
   DATA SIZE        =      1    ----
   IDATA SIZE       =   ----    ----
   BIT SIZE         =   ----    ----
END OF MODULE INFORMATION.


C51 COMPILATION COMPLETE.  0 WARNING(S),  0 ERROR(S)
