C51 COMPILER V9.60.7.0   BASIC                                                             12/30/2024 22:24:21 PAGE 1   


C51 COMPILER V9.60.7.0, COMPILATION OF MODULE BASIC
OBJECT MODULE PLACED IN .\Objects\Basic.obj
COMPILER INVOKED BY: C:\Keil_v5\C51\BIN\C51.EXE Basic.c OPTIMIZE(8,SPEED) BROWSE DEBUG OBJECTEXTEND PRINT(.\Listings\Bas
                    -ic.lst) TABS(2) OBJECT(.\Objects\Basic.obj)

line level    source

   1          #include <regx51.h> // Include the 8051 microcontroller header file
   2          
   3          void print_msg(char *);  // Function to print a string to the LCD
   4          void write(char, int);   // Function to send commands or data to the LCD
   5          void delay(unsigned int); // Function to introduce delay
   6          
   7          void main() 
   8          {
   9   1          P1_0 = 0;
  10   1          delay(1000000);
  11   1          write(0x38, 0); // Set LCD to 8-bit mode, 2-line display, 5x7 dot format
  12   1          write(0x0F, 0); // Turn on display, enable cursor, set cursor to blink
  13   1          write(0x06, 0); // Increment cursor position after data write
  14   1          write(0x01, 0); // Clear display and return the cursor to home position
  15   1          write(0x80, 0); // Set DDRAM address to 0x00 (beginning of the first line)
  16   1          print_msg("Hello, world!"); // Display the string "Hello, world!" on the LCD
  17   1          while (1) // Infinite loop to keep the program runningwhile(1)
  18   1          {
  19   2              if(P0 > 128)
  20   2              {
  21   3                  P1_0 = 0;
  22   3                  delay(1000000);
  23   3                  write(0x38, 0); // Set LCD to 8-bit mode, 2-line display, 5x7 dot format
  24   3                  write(0x0F, 0); // Turn on display, enable cursor, set cursor to blink
  25   3                  write(0x06, 0); // Increment cursor position after data write
  26   3                  write(0x01, 0); // Clear display and return the cursor to home position
  27   3                  write(0x80, 0); // Set DDRAM address to 0x00 (beginning of the first line)
  28   3                  print_msg("Hello, world!"); // Display the string "Hello, world!" on the LCD
  29   3              } 
  30   2              else P1_0 = 1;
  31   2          }
  32   1      }
  33          
  34          // Function to display a string on the LCD
  35          void print_msg(char *msg) 
  36          {
  37   1          for (; *msg != '\0'; msg++) // Iterates through the character array
  38   1              write(*msg, 1);         // Sends characters to the LCD in "data mode" (RS=1)
  39   1      }
  40          
  41          // Function to send a command or data to the LCD
  42          void write(char cmd, int rs_value) 
  43          {
  44   1          P2 = cmd;        // Set command or data (cmd) on Port 1
  45   1          P1_6 = rs_value; // Set RS (Register Select): 0 for command, 1 for data
  46   1          P1_7 = 1;        // ENABLE high to latch data into the LCD
  47   1          delay(100);      // Delay to stabilize the ENABLE signal
  48   1          P1_7 = 0;        // ENABLE low to complete the operation
  49   1      }
  50          
  51          // Function to introduce delay
  52          void delay(unsigned int i) 
  53          {
  54   1          while (i--); // Simple delay loop; time depends on clock speed
C51 COMPILER V9.60.7.0   BASIC                                                             12/30/2024 22:24:21 PAGE 2   

  55   1      }


MODULE INFORMATION:   STATIC OVERLAYABLE
   CODE SIZE        =    140    ----
   CONSTANT SIZE    =     14    ----
   XDATA SIZE       =   ----    ----
   PDATA SIZE       =   ----    ----
   DATA SIZE        =   ----       3
   IDATA SIZE       =   ----    ----
   BIT SIZE         =   ----    ----
END OF MODULE INFORMATION.


C51 COMPILATION COMPLETE.  0 WARNING(S),  0 ERROR(S)
