C51 COMPILER V9.60.7.0   ADVANCE                                                           12/01/2024 00:33:44 PAGE 1   


C51 COMPILER V9.60.7.0, COMPILATION OF MODULE ADVANCE
OBJECT MODULE PLACED IN .\Objects\Advance.obj
COMPILER INVOKED BY: C:\Keil_v5\C51\BIN\C51.EXE Advance.c OPTIMIZE(8,SPEED) BROWSE DEBUG OBJECTEXTEND PRINT(.\Listings\A
                    -dvance.lst) TABS(2) OBJECT(.\Objects\Advance.obj)

line level    source

   1          #include <regx51.h>
   2          int Light_Bulb;
   3          
   4          void main( )
   5          {
   6   1        IT0 = 0; //enable a low-level signal on externalinterrupt
   7   1        EX0 = 1; //enable INT0
   8   1        EA = 1; //enable interrupt
   9   1        P3_4 = 0; //WR=0,clean the data
  10   1        P3_4 = 1; //WR=1,analog convert to digital
  11   1        P2 = 0;
  12   1        while(1); //infinite loop
  13   1      }
  14          
  15          void int_0(void)interrupt 0 //INT0 interrupt function
  16          {
  17   1        P3_5 = 0; //RD=0,readthe digital data
  18   1        Light_Bulb = (P1 + 1) / 32;
  19   1        switch(Light_Bulb)
  20   1        {
  21   2          case 0:
  22   2            P2 = 255;
  23   2            break;
  24   2          
  25   2          case 1:
  26   2            P2 = 254;
  27   2            break;
  28   2          
  29   2          case 2:
  30   2            P2 = 252;
  31   2            break;
  32   2          
  33   2          case 3:
  34   2            P2 = 248;
  35   2            break;
  36   2          
  37   2          case 4:
  38   2            P2 = 240;
  39   2            break;
  40   2          
  41   2          case 5:
  42   2            P2 = 224;
  43   2            break;
  44   2          
  45   2          case 6:
  46   2            P2 = 192;
  47   2            break;
  48   2          
  49   2          case 7:
  50   2            P2 = 128;
  51   2            break;
  52   2          
  53   2          case 8:
  54   2            P2 = 0;
C51 COMPILER V9.60.7.0   ADVANCE                                                           12/01/2024 00:33:44 PAGE 2   

  55   2            break;
  56   2          
  57   2          default:
  58   2            P2 = 255;
  59   2            break;
  60   2        }
  61   1      
  62   1        P3_5 = 1; //RD=1
  63   1        P3_4 = 0; //WR=0,clean the data
  64   1        P3_4 = 1; //WR=1,analog convert to digital
  65   1      }


MODULE INFORMATION:   STATIC OVERLAYABLE
   CODE SIZE        =    177    ----
   CONSTANT SIZE    =   ----    ----
   XDATA SIZE       =   ----    ----
   PDATA SIZE       =   ----    ----
   DATA SIZE        =      2    ----
   IDATA SIZE       =   ----    ----
   BIT SIZE         =   ----    ----
END OF MODULE INFORMATION.


C51 COMPILATION COMPLETE.  0 WARNING(S),  0 ERROR(S)
