C51 COMPILER V9.60.7.0   ADVANCE                                                           12/13/2024 22:40:27 PAGE 1   


C51 COMPILER V9.60.7.0, COMPILATION OF MODULE ADVANCE
OBJECT MODULE PLACED IN .\Objects\Advance.obj
COMPILER INVOKED BY: C:\Keil_v5\C51\BIN\C51.EXE Advance.c OPTIMIZE(8,SPEED) BROWSE DEBUG OBJECTEXTEND PRINT(.\Listings\A
                    -dvance.lst) TABS(2) OBJECT(.\Objects\Advance.obj)

line level    source

   1          #include<reg51.h>          // Include the header file for 8051 microcontroller, defines hardware registers
             - like P0, P1, etc.
   2          void delay (int);
   3          void turn ();
   4          
   5          code char one_phase[] = {0x01, 0x02, 0x04, 0x08};
   6          code char two_phase[] = {0x0C, 0x06, 0x03, 0x09};
   7          int dir, delay_time, Resistence;
   8          
   9          void main() 
  10          {
  11   1          delay_time = 1000;
  12   1          dir = 1;
  13   1          while(1) 
  14   1          {
  15   2              turn();
  16   2          }
  17   1      }
  18          
  19          void turn() 
  20          {
  21   1          int x;                // Declare loop index variable
  22   1          Resistence = (P2 + 1) / 32;
  23   1          switch(Resistence)
  24   1          {
  25   2            case 0:
  26   2              delay_time = 2000;
  27   2              break;
  28   2            
  29   2            case 1:
  30   2              delay_time = 1800;
  31   2              break;
  32   2            
  33   2            case 2:
  34   2              delay_time = 1600;
  35   2              break;
  36   2            
  37   2            case 3:
  38   2              delay_time = 1400;
  39   2              break;
  40   2            
  41   2            case 4:
  42   2              delay_time = 1200;
  43   2              break;
  44   2            
  45   2            case 5:
  46   2              delay_time = 1000;
  47   2              break;
  48   2            
  49   2            case 6:
  50   2              delay_time = 800;
  51   2              break;
  52   2            
  53   2            case 7:
C51 COMPILER V9.60.7.0   ADVANCE                                                           12/13/2024 22:40:27 PAGE 2   

  54   2              delay_time = 600;
  55   2              break;
  56   2            
  57   2            case 8:
  58   2              delay_time = 400;
  59   2              break;
  60   2            
  61   2            default:
  62   2              delay_time = 1000;
  63   2              break;
  64   2          }
  65   1        
  66   1          if (dir == 1) 
  67   1          {
  68   2              for (x = 0; x < 4; x++) 
  69   2              {
  70   3                  P1 = one_phase[x];             // Send control signal to P1 pins to control the motor
  71   3                  delay(delay_time);             // Delay to stabilize the signal
  72   3              }
  73   2          } 
  74   1          else 
  75   1          {
  76   2              for (x = 0; x < 4; x++) 
  77   2              {
  78   3                  P1 = two_phase[x];             // Send control signal to P1 pins to control the motor
  79   3                  delay(delay_time);             // Delay to stabilize the signal
  80   3              }
  81   2          }
  82   1      }
  83          
  84          // Delay function
  85          void delay(int t) 
  86          {
  87   1          while(t--);           // Simple decrementing loop for delay until t reaches 0
  88   1      }


MODULE INFORMATION:   STATIC OVERLAYABLE
   CODE SIZE        =    256    ----
   CONSTANT SIZE    =      8    ----
   XDATA SIZE       =   ----    ----
   PDATA SIZE       =   ----    ----
   DATA SIZE        =      6       2
   IDATA SIZE       =   ----    ----
   BIT SIZE         =   ----    ----
END OF MODULE INFORMATION.


C51 COMPILATION COMPLETE.  0 WARNING(S),  0 ERROR(S)
