C51 COMPILER V9.60.7.0   BASIC                                                             11/17/2024 23:42:59 PAGE 1   


C51 COMPILER V9.60.7.0, COMPILATION OF MODULE BASIC
OBJECT MODULE PLACED IN .\Objects\Basic.obj
COMPILER INVOKED BY: C:\Keil_v5\C51\BIN\C51.EXE Basic.c OPTIMIZE(8,SPEED) BROWSE DEBUG OBJECTEXTEND PRINT(.\Listings\Bas
                    -ic.lst) TABS(2) OBJECT(.\Objects\Basic.obj)

line level    source

   1          #include <regx51.h> //include header file for 8051
   2          #define TH0_init 0x06 //TH0_init= 256 - 250
   3          #define TL0_init 0x06 //TL0_init = 256 - 250
   4          #define Timer0_int_exe_time 392 //the parameter can be changed
   5          void delay(int t);
   6          int counter;
   7          void main( ) 
   8          {
   9   1        TMOD = 0x02; //set timer0 to mode 2(8-bits and auto-reload)
  10   1        IP = 0x02; //timer0 interrupt has high priority
  11   1        IE = 0x82; //enable timer0 interrupt
  12   1        P2 = 0xff;
  13   1        TL0 = TL0_init; 
  14   1        TH0 = TH0_init; //set TH0 & TL0
  15   1        TCON = 0x10; //enable timer0
  16   1        while (1)
  17   1        {
  18   2          delay(10000); // adjust this parameter to match timer
  19   2          P2_0 = ~P2_0; //inverse P2.0
  20   2        }
  21   1      }
  22          
  23          void timer0_interrupt(void) interrupt 1 // 'interrupt 1' is int vector of INT0
  24          {
  25   1        counter++;
  26   1        if (counter == Timer0_int_exe_time) //250clock cycle * 2000 = 0.5 second
  27   1        {
  28   2          P2_1 = ~P2_1; //inverse P2.1
  29   2          counter = 0;
  30   2        }
  31   1      }
  32          
  33          void delay(int t) //delay function
  34          {
  35   1        while(t--);
  36   1      }


MODULE INFORMATION:   STATIC OVERLAYABLE
   CODE SIZE        =     76    ----
   CONSTANT SIZE    =   ----    ----
   XDATA SIZE       =   ----    ----
   PDATA SIZE       =   ----    ----
   DATA SIZE        =      2    ----
   IDATA SIZE       =   ----    ----
   BIT SIZE         =   ----    ----
END OF MODULE INFORMATION.


C51 COMPILATION COMPLETE.  0 WARNING(S),  0 ERROR(S)
